<?xml version="1.0" encoding="UTF-8"?>
<!-- Generated by org.testng.reporters.JUnitXMLReporter -->
<testsuite hostname="NavyaShrees-MacBook-Air.local" name="Default test" tests="1" failures="0" timestamp="10 Mar 2020 10:46:56 GMT" time="0.034" errors="0">
  <testcase name="@BeforeSuite startServer" time="0.0" classname="Test.Driver_Test">
    <failure type="java.lang.NullPointerException">
      <![CDATA[java.lang.NullPointerException
	at utils.ReadData.JSonFileReader(ReadData.java:19)
	at utils.AppiumService.startServer(AppiumService.java:35)
	at sun.reflect.NativeMethodAccessorImpl.invoke0(Native Method)
	at sun.reflect.NativeMethodAccessorImpl.invoke(NativeMethodAccessorImpl.java:62)
	at sun.reflect.DelegatingMethodAccessorImpl.invoke(DelegatingMethodAccessorImpl.java:43)
	at java.lang.reflect.Method.invoke(Method.java:498)
	at org.testng.internal.MethodInvocationHelper.invokeMethod(MethodInvocationHelper.java:80)
	at org.testng.internal.Invoker.invokeConfigurationMethod(Invoker.java:551)
	at org.testng.internal.Invoker.invokeConfigurations(Invoker.java:213)
	at org.testng.internal.Invoker.invokeConfigurations(Invoker.java:138)
	at org.testng.SuiteRunner.privateRun(SuiteRunner.java:277)
	at org.testng.SuiteRunner.run(SuiteRunner.java:240)
	at org.testng.SuiteRunnerWorker.runSuite(SuiteRunnerWorker.java:53)
	at org.testng.SuiteRunnerWorker.run(SuiteRunnerWorker.java:87)
	at org.testng.TestNG.runSuitesSequentially(TestNG.java:1170)
	at org.testng.TestNG.runSuitesLocally(TestNG.java:1095)
	at org.testng.TestNG.run(TestNG.java:1007)
	at org.testng.remote.AbstractRemoteTestNG.run(AbstractRemoteTestNG.java:115)
	at org.testng.remote.RemoteTestNG.initAndRun(RemoteTestNG.java:251)
	at org.testng.remote.RemoteTestNG.main(RemoteTestNG.java:77)
]]>
    </failure>
  </testcase> <!-- @BeforeSuite startServer -->
  <testcase name="@BeforeSuite m1" time="0.0" classname="Test.Driver_Test">
    <skipped/>
  </testcase> <!-- @BeforeSuite m1 -->
  <testcase name="@BeforeTest setupSys" time="0.0" classname="Test.Driver_Test">
    <skipped/>
  </testcase> <!-- @BeforeTest setupSys -->
  <testcase name="@BeforeMethod m2" time="0.0" classname="Test.Driver_Test">
    <skipped/>
  </testcase> <!-- @BeforeMethod m2 -->
  <testcase name="@AfterMethod tearDown" time="0.0" classname="Test.Driver_Test">
    <skipped/>
  </testcase> <!-- @AfterMethod tearDown -->
  <testcase name="register_DriverApplication" time="0.002" classname="Test.Driver_Test">
    <skipped/>
  </testcase> <!-- register_DriverApplication -->
</testsuite> <!-- Default test -->
