<?xml version="1.0" encoding="UTF-8"?>
<!-- Generated by org.testng.reporters.JUnitXMLReporter -->
<testsuite hostname="NavyaShrees-MacBook-Air.local" ignored="0" name="Test" tests="1" failures="1" timestamp="2020-03-10T17:54:34 IST" time="2.349" errors="0">
  <testcase name="register_DriverApplication" time="1.685" classname="Test.Driver_Test">
    <failure type="org.openqa.selenium.InvalidSelectorException" message="Locator Strategy &amp;apos;css selector&amp;apos; is not supported for this session
For documentation on this error, please visit: http://seleniumhq.org/exceptions/invalid_selector_exception.html
Build info: version: &amp;apos;3.14.0&amp;apos;, revision: &amp;apos;aacccce0&amp;apos;, time: &amp;apos;2018-08-02T20:19:58.91Z&amp;apos;
System info: host: &amp;apos;NavyaShrees-MacBook-Air.local&amp;apos;, ip: &amp;apos;fe80:0:0:0:c12:c0f4:57c3:7f13%en0&amp;apos;, os.name: &amp;apos;Mac OS X&amp;apos;, os.arch: &amp;apos;x86_64&amp;apos;, os.version: &amp;apos;10.15.3&amp;apos;, java.version: &amp;apos;1.8.0_241&amp;apos;
Driver info: io.appium.java_client.android.AndroidDriver
Capabilities {UDID: 52001a30b48594f1, appActivity: io.nativebase.market.geekya..., appPackage: io.nativebase.market.geekya..., automationName: appium, databaseEnabled: false, desired: {UDID: 52001a30b48594f1, appActivity: io.nativebase.market.geekya..., appPackage: io.nativebase.market.geekya..., automationName: appium, deviceName: Galaxy J7 Pro, platformName: android, platformVersion: 9}, deviceApiLevel: 28, deviceManufacturer: samsung, deviceModel: SM-J730GM, deviceName: 52001a30b48594f1, deviceScreenDensity: 420, deviceScreenSize: 1080x1920, deviceUDID: 52001a30b48594f1, javascriptEnabled: true, locationContextEnabled: false, networkConnectionEnabled: true, pixelRatio: 2.625, platform: LINUX, platformName: LINUX, platformVersion: 9, statBarHeight: 63, takesScreenshot: true, viewportRect: {height: 1857, left: 0, top: 63, width: 1080}, warnings: {}, webStorageEnabled: false}
Session ID: 9fdf730e-3091-434a-b2d8-1ce8bb53c07f
*** Element info: {Using=id, value=com.android.packageinstaller:id/permission_allow_button}">
      <![CDATA[org.openqa.selenium.InvalidSelectorException: Locator Strategy 'css selector' is not supported for this session
For documentation on this error, please visit: http://seleniumhq.org/exceptions/invalid_selector_exception.html
Build info: version: '3.14.0', revision: 'aacccce0', time: '2018-08-02T20:19:58.91Z'
System info: host: 'NavyaShrees-MacBook-Air.local', ip: 'fe80:0:0:0:c12:c0f4:57c3:7f13%en0', os.name: 'Mac OS X', os.arch: 'x86_64', os.version: '10.15.3', java.version: '1.8.0_241'
Driver info: io.appium.java_client.android.AndroidDriver
Capabilities {UDID: 52001a30b48594f1, appActivity: io.nativebase.market.geekya..., appPackage: io.nativebase.market.geekya..., automationName: appium, databaseEnabled: false, desired: {UDID: 52001a30b48594f1, appActivity: io.nativebase.market.geekya..., appPackage: io.nativebase.market.geekya..., automationName: appium, deviceName: Galaxy J7 Pro, platformName: android, platformVersion: 9}, deviceApiLevel: 28, deviceManufacturer: samsung, deviceModel: SM-J730GM, deviceName: 52001a30b48594f1, deviceScreenDensity: 420, deviceScreenSize: 1080x1920, deviceUDID: 52001a30b48594f1, javascriptEnabled: true, locationContextEnabled: false, networkConnectionEnabled: true, pixelRatio: 2.625, platform: LINUX, platformName: LINUX, platformVersion: 9, statBarHeight: 63, takesScreenshot: true, viewportRect: {height: 1857, left: 0, top: 63, width: 1080}, warnings: {}, webStorageEnabled: false}
Session ID: 9fdf730e-3091-434a-b2d8-1ce8bb53c07f
*** Element info: {Using=id, value=com.android.packageinstaller:id/permission_allow_button}
at org.openqa.selenium.remote.http.W3CHttpResponseCodec.createException(W3CHttpResponseCodec.java:187)
at org.openqa.selenium.remote.http.W3CHttpResponseCodec.decode(W3CHttpResponseCodec.java:122)
at org.openqa.selenium.remote.http.W3CHttpResponseCodec.decode(W3CHttpResponseCodec.java:49)
at org.openqa.selenium.remote.HttpCommandExecutor.execute(HttpCommandExecutor.java:158)
at io.appium.java_client.remote.AppiumCommandExecutor.execute(AppiumCommandExecutor.java:69)
at org.openqa.selenium.remote.RemoteWebDriver.execute(RemoteWebDriver.java:548)
at io.appium.java_client.DefaultGenericMobileDriver.execute(DefaultGenericMobileDriver.java:40)
at io.appium.java_client.AppiumDriver.execute(AppiumDriver.java:1)
at io.appium.java_client.android.AndroidDriver.execute(AndroidDriver.java:1)
at org.openqa.selenium.remote.RemoteWebDriver.findElement(RemoteWebDriver.java:322)
at io.appium.java_client.DefaultGenericMobileDriver.findElement(DefaultGenericMobileDriver.java:56)
at io.appium.java_client.AppiumDriver.findElement(AppiumDriver.java:1)
at io.appium.java_client.android.AndroidDriver.findElement(AndroidDriver.java:1)
at org.openqa.selenium.remote.RemoteWebDriver.findElementById(RemoteWebDriver.java:368)
at io.appium.java_client.DefaultGenericMobileDriver.findElementById(DefaultGenericMobileDriver.java:64)
at io.appium.java_client.AppiumDriver.findElementById(AppiumDriver.java:1)
at io.appium.java_client.android.AndroidDriver.findElementById(AndroidDriver.java:1)
at org.openqa.selenium.By$ById.findElement(By.java:188)
at org.openqa.selenium.remote.RemoteWebDriver.findElement(RemoteWebDriver.java:314)
at io.appium.java_client.DefaultGenericMobileDriver.findElement(DefaultGenericMobileDriver.java:52)
at io.appium.java_client.AppiumDriver.findElement(AppiumDriver.java:1)
at io.appium.java_client.android.AndroidDriver.findElement(AndroidDriver.java:1)
at Test.Driver_Test.register_DriverApplication(Driver_Test.java:79)
at java.util.ArrayList.forEach(ArrayList.java:1257)
... Removed 31 stack frames]]>
    </failure>
  </testcase> <!-- register_DriverApplication -->
</testsuite> <!-- Test -->
